81866 MainProcess 2024-05-27 20:00:39,528
Traceback (most recent call last):
  File "/Users/christophermuller/miniconda3/envs/scyther/lib/python3.11/site-packages/pyarmor/cli/__main__.py", line 757, in main
    main_entry(sys.argv[1:])
  File "/Users/christophermuller/miniconda3/envs/scyther/lib/python3.11/site-packages/pyarmor/cli/__main__.py", line 745, in main_entry
    return args.func(ctx, args)
           ^^^^^^^^^^^^^^^^^^^^
  File "/Users/christophermuller/miniconda3/envs/scyther/lib/python3.11/site-packages/pyarmor/cli/__main__.py", line 237, in cmd_gen
    builder.process(options)
  File "/Users/christophermuller/miniconda3/envs/scyther/lib/python3.11/site-packages/pyarmor/cli/generate.py", line 164, in process
    self._obfuscate_scripts()
  File "/Users/christophermuller/miniconda3/envs/scyther/lib/python3.11/site-packages/pyarmor/cli/generate.py", line 122, in _obfuscate_scripts
    code = Pytransform3.generate_obfuscated_script(self.ctx, r)
           ^^^^^^^^^^^^^^^^^^^^^^^^^^^^^^^^^^^^^^^^^^^^^^^^^^^^
  File "/Users/christophermuller/miniconda3/envs/scyther/lib/python3.11/site-packages/pyarmor/cli/core/__init__.py", line 106, in generate_obfuscated_script
    return m.generate_obfuscated_script(ctx, res)
           ^^^^^^^^^^^^^^^^^^^^^^^^^^^^^^^^^^^^^^
  File "<maker>", line 702, in generate_obfuscated_script
  File "/Users/christophermuller/miniconda3/envs/scyther/lib/python3.11/site-packages/pyarmor/cli/__init__.py", line 16, in process
    return meth(self, res, *args, **kwargs)
           ^^^^^^^^^^^^^^^^^^^^^^^^^^^^^^^^
  File "<maker>", line 532, in process
  File "<maker>", line 538, in coserialize
  File "<maker>", line 583, in _build_ast_body
RuntimeError: out of license
